android/app/src/main/assets/custom/manifest-merger-blame-debug-report.txt
1<?xml version="1.0" encoding="utf-8"?>
2<manifest xmlns:android="http://schemas.android.com/apk/res/android"
3    package="com.rnfingerprint" >
4
5    <uses-sdk
6        android:minSdkVersion="21"
6-->src\main\AndroidManifest.xml
7        android:targetSdkVersion="33" />
7-->src\main\AndroidManifest.xml
8
9    <uses-permission android:name="android.permission.USE_FINGERPRINT" />
9-->src\main\AndroidManifest.xml:3:5-75
9-->src\main\AndroidManifest.xml:3:23-72
10
11</manifest>